Arguments: 
  /usr/local/bin/node /usr/local/bin/yarn install

PATH: 
  /Users/catscorpio/.rvm/gems/ruby-2.2.7/bin:/Users/catscorpio/.rvm/gems/ruby-2.2.7@global/bin:/Users/catscorpio/.rvm/rubies/ruby-2.2.7/bin:/usr/local/bin:/usr/bin:/bin:/usr/sbin:/sbin:/usr/local/go/bin:/Users/catscorpio/.rvm/bin:/Users/catscorpio/Library/Android/sdk/platform-tools:/Users/catscorpio/Library/Android/sdk/tools:/Users/catscorpio/flutter/bin

Yarn version: 
  1.13.0

Node version: 
  8.11.1

Platform: 
  darwin x64

Trace: 
  Error: read ECONNRESET
      at _errnoException (util.js:1022:11)
      at TLSWrap.onread (net.js:628:25)

npm manifest: 
  {
    "name": "WuKongExplorer",
    "version": "0.1.0",
    "private": true,
    "description": "A lightweight ethereum classic block explorer",
    "scripts": {
      "serve": "vue-cli-service serve",
      "build": "vue-cli-service build",
      "lint": "vue-cli-service lint"
    },
    "dependencies": {
      "axios": "^0.18.0",
      "babel-polyfill": "^6.26.0",
      "element-ui": "^2.6.1",
      "nprogress": "^0.2.0",
      "vue": "^2.6.6",
      "vue-i18n": "^8.9.0",
      "vue-router": "^3.0.1",
      "vuex": "^3.0.1"
    },
    "devDependencies": {
      "@vue/cli-plugin-babel": "^3.5.0",
      "@vue/cli-plugin-eslint": "^3.5.0",
      "@vue/cli-service": "^3.5.0",
      "babel-eslint": "^10.0.1",
      "babel-plugin-component": "^1.1.1",
      "compression-webpack-plugin": "^2.0.0",
      "eslint": "^5.8.0",
      "eslint-plugin-vue": "^5.0.0",
      "node-sass": "^4.9.0",
      "sass-loader": "^7.1.0",
      "svg-sprite-loader": "^4.1.3",
      "uglifyjs-webpack-plugin": "^2.1.2",
      "vue-template-compiler": "^2.5.21"
    }
  }

yarn manifest: 
  No manifest

Lockfile: 
  No lockfile
